[
  {
    "line": 1,
    "elements": [
      {
        "line": 22,
        "name": "Test the purchase order of product",
        "description": "",
        "id": "test-the-shopping-application-page;test-the-purchase-order-of-product;;2",
        "after": [
          {
            "result": {
              "duration": 18010185064,
              "error_message": "org.openqa.selenium.TimeoutException: timeout\n  (Session info: chrome\u003d69.0.3497.100)\n  (Driver info: chromedriver\u003d2.37.544315 (730aa6a5fdba159ac9f4c1e8cbc59bf1b5ce12b7),platform\u003dWindows NT 6.1.7600 x86) (WARNING: The server did not provide any stacktrace information)\nCommand duration or timeout: 18.01 seconds\nBuild info: version: \u00273.4.0\u0027, revision: \u0027unknown\u0027, time: \u0027unknown\u0027\nSystem info: host: \u0027VEERA-PC\u0027, ip: \u0027192.168.43.144\u0027, os.name: \u0027Windows 7\u0027, os.arch: \u0027x86\u0027, os.version: \u00276.1\u0027, java.version: \u00271.8.0_111\u0027\nDriver info: org.openqa.selenium.chrome.ChromeDriver\nCapabilities [{applicationCacheEnabled\u003dfalse, rotatable\u003dfalse, mobileEmulationEnabled\u003dfalse, networkConnectionEnabled\u003dfalse, chrome\u003d{chromedriverVersion\u003d2.37.544315 (730aa6a5fdba159ac9f4c1e8cbc59bf1b5ce12b7), userDataDir\u003dC:\\Users\\veera\\AppData\\Local\\Temp\\scoped_dir4252_26440}, takesHeapSnapshot\u003dtrue, pageLoadStrategy\u003dnormal, databaseEnabled\u003dfalse, handlesAlerts\u003dtrue, hasTouchScreen\u003dfalse, version\u003d69.0.3497.100, platform\u003dXP, browserConnectionEnabled\u003dfalse, nativeEvents\u003dtrue, acceptSslCerts\u003dfalse, acceptInsecureCerts\u003dfalse, locationContextEnabled\u003dtrue, webStorageEnabled\u003dtrue, browserName\u003dchrome, takesScreenshot\u003dtrue, javascriptEnabled\u003dtrue, cssSelectorsEnabled\u003dtrue, setWindowRect\u003dtrue, unexpectedAlertBehaviour\u003d}]\nSession ID: 13ad18d7c95171157c77dc1417cc4dd8\r\n\tat sun.reflect.NativeConstructorAccessorImpl.newInstance0(Native Method)\r\n\tat sun.reflect.NativeConstructorAccessorImpl.newInstance(NativeConstructorAccessorImpl.java:62)\r\n\tat sun.reflect.DelegatingConstructorAccessorImpl.newInstance(DelegatingConstructorAccessorImpl.java:45)\r\n\tat java.lang.reflect.Constructor.newInstance(Constructor.java:423)\r\n\tat org.openqa.selenium.remote.ErrorHandler.createThrowable(ErrorHandler.java:215)\r\n\tat org.openqa.selenium.remote.ErrorHandler.throwIfResponseFailed(ErrorHandler.java:167)\r\n\tat org.openqa.selenium.remote.RemoteWebDriver.execute(RemoteWebDriver.java:671)\r\n\tat org.openqa.selenium.remote.RemoteWebDriver.execute(RemoteWebDriver.java:694)\r\n\tat org.openqa.selenium.remote.RemoteWebDriver.getScreenshotAs(RemoteWebDriver.java:382)\r\n\tat com.rbstest.sample.RBSreports.Screenshot.getscreenshot(Screenshot.java:20)\r\n\tat com.rbstest.sample.RBStest.Rbstestcase.teardown(Rbstestcase.java:141)\r\n\tat sun.reflect.NativeMethodAccessorImpl.invoke0(Native Method)\r\n\tat sun.reflect.NativeMethodAccessorImpl.invoke(NativeMethodAccessorImpl.java:62)\r\n\tat sun.reflect.DelegatingMethodAccessorImpl.invoke(DelegatingMethodAccessorImpl.java:43)\r\n\tat java.lang.reflect.Method.invoke(Method.java:498)\r\n\tat cucumber.runtime.Utils$1.call(Utils.java:40)\r\n\tat cucumber.runtime.Timeout.timeout(Timeout.java:16)\r\n\tat cucumber.runtime.Utils.invoke(Utils.java:34)\r\n\tat cucumber.runtime.java.JavaHookDefinition.execute(JavaHookDefinition.java:60)\r\n\tat cucumber.runtime.Runtime.runHookIfTagsMatch(Runtime.java:224)\r\n\tat cucumber.runtime.Runtime.runHooks(Runtime.java:212)\r\n\tat cucumber.runtime.Runtime.runAfterHooks(Runtime.java:206)\r\n\tat cucumber.runtime.model.CucumberScenario.run(CucumberScenario.java:46)\r\n\tat cucumber.runtime.junit.ExecutionUnitRunner.run(ExecutionUnitRunner.java:102)\r\n\tat org.junit.runners.Suite.runChild(Suite.java:128)\r\n\tat org.junit.runners.Suite.runChild(Suite.java:27)\r\n\tat org.junit.runners.ParentRunner$3.run(ParentRunner.java:290)\r\n\tat org.junit.runners.ParentRunner$1.schedule(ParentRunner.java:71)\r\n\tat org.junit.runners.ParentRunner.runChildren(ParentRunner.java:288)\r\n\tat org.junit.runners.ParentRunner.access$000(ParentRunner.java:58)\r\n\tat org.junit.runners.ParentRunner$2.evaluate(ParentRunner.java:268)\r\n\tat org.junit.runners.ParentRunner.run(ParentRunner.java:363)\r\n\tat cucumber.runtime.junit.ExamplesRunner.run(ExamplesRunner.java:59)\r\n\tat org.junit.runners.Suite.runChild(Suite.java:128)\r\n\tat org.junit.runners.Suite.runChild(Suite.java:27)\r\n\tat org.junit.runners.ParentRunner$3.run(ParentRunner.java:290)\r\n\tat org.junit.runners.ParentRunner$1.schedule(ParentRunner.java:71)\r\n\tat org.junit.runners.ParentRunner.runChildren(ParentRunner.java:288)\r\n\tat org.junit.runners.ParentRunner.access$000(ParentRunner.java:58)\r\n\tat org.junit.runners.ParentRunner$2.evaluate(ParentRunner.java:268)\r\n\tat org.junit.runners.ParentRunner.run(ParentRunner.java:363)\r\n\tat cucumber.runtime.junit.ScenarioOutlineRunner.run(ScenarioOutlineRunner.java:53)\r\n\tat cucumber.runtime.junit.FeatureRunner.runChild(FeatureRunner.java:63)\r\n\tat cucumber.runtime.junit.FeatureRunner.runChild(FeatureRunner.java:18)\r\n\tat org.junit.runners.ParentRunner$3.run(ParentRunner.java:290)\r\n\tat org.junit.runners.ParentRunner$1.schedule(ParentRunner.java:71)\r\n\tat org.junit.runners.ParentRunner.runChildren(ParentRunner.java:288)\r\n\tat org.junit.runners.ParentRunner.access$000(ParentRunner.java:58)\r\n\tat org.junit.runners.ParentRunner$2.evaluate(ParentRunner.java:268)\r\n\tat org.junit.runners.ParentRunner.run(ParentRunner.java:363)\r\n\tat cucumber.runtime.junit.FeatureRunner.run(FeatureRunner.java:70)\r\n\tat cucumber.api.junit.Cucumber.runChild(Cucumber.java:95)\r\n\tat cucumber.api.junit.Cucumber.runChild(Cucumber.java:38)\r\n\tat org.junit.runners.ParentRunner$3.run(ParentRunner.java:290)\r\n\tat org.junit.runners.ParentRunner$1.schedule(ParentRunner.java:71)\r\n\tat org.junit.runners.ParentRunner.runChildren(ParentRunner.java:288)\r\n\tat org.junit.runners.ParentRunner.access$000(ParentRunner.java:58)\r\n\tat org.junit.runners.ParentRunner$2.evaluate(ParentRunner.java:268)\r\n\tat org.junit.runners.ParentRunner.run(ParentRunner.java:363)\r\n\tat cucumber.api.junit.Cucumber.run(Cucumber.java:100)\r\n\tat org.eclipse.jdt.internal.junit4.runner.JUnit4TestReference.run(JUnit4TestReference.java:86)\r\n\tat org.eclipse.jdt.internal.junit.runner.TestExecution.run(TestExecution.java:38)\r\n\tat org.eclipse.jdt.internal.junit.runner.RemoteTestRunner.runTests(RemoteTestRunner.java:459)\r\n\tat org.eclipse.jdt.internal.junit.runner.RemoteTestRunner.runTests(RemoteTestRunner.java:675)\r\n\tat org.eclipse.jdt.internal.junit.runner.RemoteTestRunner.run(RemoteTestRunner.java:382)\r\n\tat org.eclipse.jdt.internal.junit.runner.RemoteTestRunner.main(RemoteTestRunner.java:192)\r\n",
              "status": "failed"
            },
            "match": {
              "location": "Rbstestcase.teardown(Scenario)"
            }
          }
        ],
        "type": "scenario",
        "keyword": "Scenario Outline",
        "steps": [
          {
            "result": {
              "duration": 4358548661,
              "status": "passed"
            },
            "line": 5,
            "name": "Select the browsers as Chrome",
            "match": {
              "arguments": [
                {
                  "val": "Chrome",
                  "offset": 23
                }
              ],
              "location": "Rbstestcase.browser(String)"
            },
            "matchedColumns": [
              0
            ],
            "keyword": "Given "
          },
          {
            "result": {
              "duration": 12679267690,
              "status": "passed"
            },
            "line": 6,
            "name": "Enter the urls as http://automationpractice.com",
            "match": {
              "arguments": [
                {
                  "val": "http://automationpractice.com",
                  "offset": 18
                }
              ],
              "location": "Rbstestcase.URL(String)"
            },
            "matchedColumns": [
              1
            ],
            "keyword": "When "
          },
          {
            "result": {
              "duration": 3862658610,
              "status": "passed"
            },
            "line": 7,
            "name": "Click to signin link",
            "match": {
              "location": "Rbstestcase.signinlink()"
            },
            "keyword": "But "
          },
          {
            "result": {
              "duration": 195998785,
              "status": "passed"
            },
            "line": 8,
            "name": "Enter the usernames as someone@example.com",
            "match": {
              "arguments": [
                {
                  "val": "someone@example.com",
                  "offset": 23
                }
              ],
              "location": "Rbstestcase.username(String)"
            },
            "matchedColumns": [
              2
            ],
            "keyword": "And "
          },
          {
            "result": {
              "duration": 186500775,
              "status": "passed"
            },
            "line": 9,
            "name": "Enter the passwords as Password123",
            "match": {
              "arguments": [
                {
                  "val": "Password123",
                  "offset": 23
                }
              ],
              "location": "Rbstestcase.password(String)"
            },
            "matchedColumns": [
              3
            ],
            "keyword": "But "
          },
          {
            "result": {
              "duration": 1925681636,
              "status": "passed"
            },
            "line": 10,
            "name": "Click to login button",
            "match": {
              "location": "Rbstestcase.login()"
            },
            "keyword": "Then "
          },
          {
            "result": {
              "duration": 8450238989,
              "status": "passed"
            },
            "line": 11,
            "name": "Click the T-shirt link in Title menu and select the Tshirt as Faded Short Sleeve T-shirts to order",
            "match": {
              "arguments": [
                {
                  "val": "Faded Short Sleeve T-shirts",
                  "offset": 62
                }
              ],
              "location": "Rbstestcase.Selecttshirt(String)"
            },
            "matchedColumns": [
              4
            ],
            "keyword": "And "
          },
          {
            "result": {
              "duration": 589872171,
              "status": "passed"
            },
            "line": 12,
            "name": "Select the quantity as 2, Size as M and color as Blue",
            "match": {
              "arguments": [
                {
                  "val": "2",
                  "offset": 23
                },
                {
                  "val": "M",
                  "offset": 34
                },
                {
                  "val": "Blue",
                  "offset": 49
                }
              ],
              "location": "Rbstestcase.quanity(Integer,String,String)"
            },
            "matchedColumns": [
              5,
              6,
              7
            ],
            "keyword": "When "
          },
          {
            "result": {
              "duration": 7061078385,
              "status": "passed"
            },
            "line": 13,
            "name": "Click add to cart as selected the product",
            "match": {
              "location": "Rbstestcase.addtocart()"
            },
            "keyword": "Then "
          },
          {
            "result": {
              "duration": 4427912750,
              "status": "passed"
            },
            "line": 14,
            "name": "Click to proceed to summary",
            "match": {
              "location": "Rbstestcase.proceedtosummary()"
            },
            "keyword": "But "
          },
          {
            "result": {
              "duration": 3143743431,
              "status": "passed"
            },
            "line": 15,
            "name": "Click to proceed to address",
            "match": {
              "location": "Rbstestcase.proceedaddress()"
            },
            "keyword": "And "
          },
          {
            "result": {
              "duration": 2684429652,
              "status": "passed"
            },
            "line": 16,
            "name": "Validate the delivery option and check the terms of service in shipping",
            "match": {
              "location": "Rbstestcase.shippingproceed()"
            },
            "keyword": "When "
          },
          {
            "result": {
              "duration": 5527338172,
              "status": "passed"
            },
            "line": 17,
            "name": "Whether would you like do payment via bank or check as check and order the product",
            "match": {
              "arguments": [
                {
                  "val": "check",
                  "offset": 55
                }
              ],
              "location": "Rbstestcase.payment(String)"
            },
            "matchedColumns": [
              8
            ],
            "keyword": "But "
          },
          {
            "result": {
              "duration": 18208859617,
              "error_message": "org.openqa.selenium.TimeoutException: timeout\n  (Session info: chrome\u003d69.0.3497.100)\n  (Driver info: chromedriver\u003d2.37.544315 (730aa6a5fdba159ac9f4c1e8cbc59bf1b5ce12b7),platform\u003dWindows NT 6.1.7600 x86) (WARNING: The server did not provide any stacktrace information)\nCommand duration or timeout: 18.08 seconds\nBuild info: version: \u00273.4.0\u0027, revision: \u0027unknown\u0027, time: \u0027unknown\u0027\nSystem info: host: \u0027VEERA-PC\u0027, ip: \u0027192.168.43.144\u0027, os.name: \u0027Windows 7\u0027, os.arch: \u0027x86\u0027, os.version: \u00276.1\u0027, java.version: \u00271.8.0_111\u0027\nDriver info: org.openqa.selenium.chrome.ChromeDriver\nCapabilities [{applicationCacheEnabled\u003dfalse, rotatable\u003dfalse, mobileEmulationEnabled\u003dfalse, networkConnectionEnabled\u003dfalse, chrome\u003d{chromedriverVersion\u003d2.37.544315 (730aa6a5fdba159ac9f4c1e8cbc59bf1b5ce12b7), userDataDir\u003dC:\\Users\\veera\\AppData\\Local\\Temp\\scoped_dir4252_26440}, takesHeapSnapshot\u003dtrue, pageLoadStrategy\u003dnormal, databaseEnabled\u003dfalse, handlesAlerts\u003dtrue, hasTouchScreen\u003dfalse, version\u003d69.0.3497.100, platform\u003dXP, browserConnectionEnabled\u003dfalse, nativeEvents\u003dtrue, acceptSslCerts\u003dfalse, acceptInsecureCerts\u003dfalse, locationContextEnabled\u003dtrue, webStorageEnabled\u003dtrue, browserName\u003dchrome, takesScreenshot\u003dtrue, javascriptEnabled\u003dtrue, cssSelectorsEnabled\u003dtrue, setWindowRect\u003dtrue, unexpectedAlertBehaviour\u003d}]\nSession ID: 13ad18d7c95171157c77dc1417cc4dd8\r\n\tat sun.reflect.NativeConstructorAccessorImpl.newInstance0(Native Method)\r\n\tat sun.reflect.NativeConstructorAccessorImpl.newInstance(NativeConstructorAccessorImpl.java:62)\r\n\tat sun.reflect.DelegatingConstructorAccessorImpl.newInstance(DelegatingConstructorAccessorImpl.java:45)\r\n\tat java.lang.reflect.Constructor.newInstance(Constructor.java:423)\r\n\tat org.openqa.selenium.remote.ErrorHandler.createThrowable(ErrorHandler.java:215)\r\n\tat org.openqa.selenium.remote.ErrorHandler.throwIfResponseFailed(ErrorHandler.java:167)\r\n\tat org.openqa.selenium.remote.RemoteWebDriver.execute(RemoteWebDriver.java:671)\r\n\tat org.openqa.selenium.remote.RemoteWebElement.execute(RemoteWebElement.java:272)\r\n\tat org.openqa.selenium.remote.RemoteWebElement.click(RemoteWebElement.java:82)\r\n\tat com.rbstest.sample.RBSpom.Rbspageobject.Verify_orderlist(Rbspageobject.java:141)\r\n\tat com.rbstest.sample.RBStest.Rbstestcase.verifyorderlist(Rbstestcase.java:87)\r\n\tat âœ½.Then Verify the product order in store order list(Feature/Orderproduct.feature:18)\r\n",
              "status": "failed"
            },
            "line": 18,
            "name": "Verify the product order in store order list",
            "match": {
              "location": "Rbstestcase.verifyorderlist()"
            },
            "keyword": "Then "
          }
        ],
        "tags": [
          {
            "line": 3,
            "name": "@Order"
          }
        ]
      },
      {
        "line": 39,
        "name": "Test the account personal information updation",
        "description": "",
        "id": "test-the-shopping-application-page;test-the-account-personal-information-updation;;2",
        "after": [
          {
            "result": {
              "duration": 33809,
              "status": "passed"
            },
            "match": {
              "location": "Rbstestcase.teardown(Scenario)"
            }
          }
        ],
        "type": "scenario",
        "keyword": "Scenario Outline",
        "steps": [
          {
            "result": {
              "duration": 3615738731,
              "status": "passed"
            },
            "line": 28,
            "name": "Select the browsers for personal as Chrome",
            "match": {
              "arguments": [
                {
                  "val": "Chrome",
                  "offset": 36
                }
              ],
              "location": "Rbstestcase.perbrowser(String)"
            },
            "matchedColumns": [
              0
            ],
            "keyword": "Given "
          },
          {
            "result": {
              "duration": 9740741523,
              "status": "passed"
            },
            "line": 29,
            "name": "Enter the urls for personal as http://automationpractice.com",
            "match": {
              "arguments": [
                {
                  "val": "http://automationpractice.com",
                  "offset": 31
                }
              ],
              "location": "Rbstestcase.perURL(String)"
            },
            "matchedColumns": [
              1
            ],
            "keyword": "When "
          },
          {
            "result": {
              "duration": 3206674085,
              "status": "passed"
            },
            "line": 30,
            "name": "Click to signin link for personal",
            "match": {
              "location": "Rbstestcase.persigninlink()"
            },
            "keyword": "But "
          },
          {
            "result": {
              "duration": 227472866,
              "status": "passed"
            },
            "line": 31,
            "name": "Enter the usernames for personal as someone@example.com",
            "match": {
              "arguments": [
                {
                  "val": "someone@example.com",
                  "offset": 36
                }
              ],
              "location": "Rbstestcase.perusername(String)"
            },
            "matchedColumns": [
              2
            ],
            "keyword": "And "
          },
          {
            "result": {
              "duration": 218390832,
              "status": "passed"
            },
            "line": 32,
            "name": "Enter the passwords for personal as Password123",
            "match": {
              "arguments": [
                {
                  "val": "Password123",
                  "offset": 36
                }
              ],
              "location": "Rbstestcase.perpassword(String)"
            },
            "matchedColumns": [
              3
            ],
            "keyword": "But "
          },
          {
            "result": {
              "duration": 3673509235,
              "status": "passed"
            },
            "line": 33,
            "name": "Click to login button for personal",
            "match": {
              "location": "Rbstestcase.perlogin()"
            },
            "keyword": "Then "
          },
          {
            "result": {
              "duration": 3889073968,
              "status": "passed"
            },
            "line": 34,
            "name": "Click to account personal info link",
            "match": {
              "location": "Rbstestcase.accpersonalinfo()"
            },
            "keyword": "When "
          },
          {
            "result": {
              "duration": 3831111476,
              "status": "passed"
            },
            "line": 35,
            "name": "Give the first name as Veera and save",
            "match": {
              "arguments": [
                {
                  "val": "Veera",
                  "offset": 23
                }
              ],
              "location": "Rbstestcase.accfirstname(String)"
            },
            "matchedColumns": [
              4
            ],
            "keyword": "And "
          }
        ],
        "tags": [
          {
            "line": 25,
            "name": "@personalinfo"
          }
        ]
      }
    ],
    "name": "Test the shopping application page",
    "description": "",
    "id": "test-the-shopping-application-page",
    "keyword": "Feature",
    "uri": "Feature/Orderproduct.feature"
  }
]